IP Upgrade report for project3_frame
Thu Jan 30 17:02:55 2020
Quartus Prime Version 18.0.0 Build 614 04/24/2018 SJ Lite Edition


---------------------
; Table of Contents ;
---------------------
  1. Legal Notice
  2. IP Upgrade Summary
  3. Successfully Upgraded IP Components
  4. IP Upgrade Messages



----------------
; Legal Notice ;
----------------
Copyright (C) 2018  Intel Corporation. All rights reserved.
Your use of Intel Corporation's design tools, logic functions 
and other software and tools, and its AMPP partner logic 
functions, and any output files from any of the foregoing 
(including device programming or simulation files), and any 
associated documentation or information are expressly subject 
to the terms and conditions of the Intel Program License 
Subscription Agreement, the Intel Quartus Prime License Agreement,
the Intel FPGA IP License Agreement, or other applicable license
agreement, including, without limitation, that your use is for
the sole purpose of programming logic devices manufactured by
Intel and sold by Intel or its authorized distributors.  Please
refer to the applicable agreement for further details.



+----------------------------------------------------------------------------+
; IP Upgrade Summary                                                         ;
+------------------------------+---------------------------------------------+
; IP Components Upgrade Status ; Passed - Thu Jan 30 17:02:55 2020           ;
; Quartus Prime Version        ; 18.0.0 Build 614 04/24/2018 SJ Lite Edition ;
; Revision Name                ; project3_frame                              ;
; Top-level Entity Name        ; project3_frame                              ;
; Family                       ; Cyclone V                                   ;
+------------------------------+---------------------------------------------+


+------------------------------------------------------------------------------------------------------------------+
; Successfully Upgraded IP Components                                                                              ;
+-------------+----------------+---------+----------------------+----------------------+-----------------+---------+
; Entity Name ; Component Name ; Version ; Original Source File ; Generation File Path ; New Source File ; Message ;
+-------------+----------------+---------+----------------------+----------------------+-----------------+---------+
; Pll         ; altera_pll     ; 15.1    ; Pll.qip              ; Pll.v                ; Pll.qip         ;         ;
+-------------+----------------+---------+----------------------+----------------------+-----------------+---------+


+---------------------+
; IP Upgrade Messages ;
+---------------------+
Info (11902): Backing up file "Pll.v" to "Pll.BAK.v"
Info (11837): Started upgrading IP component altera_pll with file "Pll.v"
Info (11131): Completed upgrading IP component altera_pll with file "Pll.v"
Info (23030): Evaluation of Tcl script c:/intelfpga_lite/18.0/quartus/common/tcl/internal/ip_regen/ip_regen.tcl was successful
Info: Quartus Prime Shell was successful. 0 errors, 0 warnings
    Info: Peak virtual memory: 4903 megabytes
    Info: Processing ended: Thu Jan 30 17:02:55 2020
    Info: Elapsed time: 00:00:32
    Info: Total CPU time (on all processors): 00:00:17


