Assembler report for project3_frame
<<<<<<< Updated upstream
Wed Feb 26 19:11:10 2020
=======
Tue Mar 10 20:27:01 2020
>>>>>>> Stashed changes
Quartus Prime Version 18.0.0 Build 614 04/24/2018 SJ Lite Edition


---------------------
; Table of Contents ;
---------------------
  1. Legal Notice
  2. Assembler Summary
  3. Assembler Settings
  4. Assembler Generated Files
  5. Assembler Device Options: C:/Users/Usha/Documents/cs3220/project3/cs3220/project3/output_files/project3_frame.sof
  6. Assembler Messages



----------------
; Legal Notice ;
----------------
Copyright (C) 2018  Intel Corporation. All rights reserved.
Your use of Intel Corporation's design tools, logic functions 
and other software and tools, and its AMPP partner logic 
functions, and any output files from any of the foregoing 
(including device programming or simulation files), and any 
associated documentation or information are expressly subject 
to the terms and conditions of the Intel Program License 
Subscription Agreement, the Intel Quartus Prime License Agreement,
the Intel FPGA IP License Agreement, or other applicable license
agreement, including, without limitation, that your use is for
the sole purpose of programming logic devices manufactured by
Intel and sold by Intel or its authorized distributors.  Please
refer to the applicable agreement for further details.



+---------------------------------------------------------------+
; Assembler Summary                                             ;
+-----------------------+---------------------------------------+
<<<<<<< Updated upstream
; Assembler Status      ; Successful - Wed Feb 26 19:11:10 2020 ;
=======
; Assembler Status      ; Successful - Tue Mar 10 20:27:01 2020 ;
>>>>>>> Stashed changes
; Revision Name         ; project3_frame                        ;
; Top-level Entity Name ; project3_frame                        ;
; Family                ; Cyclone V                             ;
; Device                ; 5CEFA4F23C7                           ;
+-----------------------+---------------------------------------+


+----------------------------------+
; Assembler Settings               ;
+--------+---------+---------------+
; Option ; Setting ; Default Value ;
+--------+---------+---------------+


+-----------------------------------------------------------------------------------------+
; Assembler Generated Files                                                               ;
+-----------------------------------------------------------------------------------------+
; File Name                                                                               ;
+-----------------------------------------------------------------------------------------+
; C:/Users/Usha/Documents/cs3220/project3/cs3220/project3/output_files/project3_frame.sof ;
+-----------------------------------------------------------------------------------------+


+-------------------------------------------------------------------------------------------------------------------+
; Assembler Device Options: C:/Users/Usha/Documents/cs3220/project3/cs3220/project3/output_files/project3_frame.sof ;
+----------------+--------------------------------------------------------------------------------------------------+
; Option         ; Setting                                                                                          ;
+----------------+--------------------------------------------------------------------------------------------------+
<<<<<<< Updated upstream
; JTAG usercode  ; 0x01AAA23B                                                                                       ;
; Checksum       ; 0x01AAA23B                                                                                       ;
=======
; JTAG usercode  ; 0x01C2DFB1                                                                                       ;
; Checksum       ; 0x01C2DFB1                                                                                       ;
>>>>>>> Stashed changes
+----------------+--------------------------------------------------------------------------------------------------+


+--------------------+
; Assembler Messages ;
+--------------------+
Info: *******************************************************************
Info: Running Quartus Prime Assembler
    Info: Version 18.0.0 Build 614 04/24/2018 SJ Lite Edition
<<<<<<< Updated upstream
    Info: Processing started: Wed Feb 26 19:11:05 2020
=======
    Info: Processing started: Tue Mar 10 20:26:54 2020
>>>>>>> Stashed changes
Info: Command: quartus_asm --read_settings_files=off --write_settings_files=off project3 -c project3_frame
Warning (18236): Number of processors has not been specified which may cause overloading on shared machines.  Set the global assignment NUM_PARALLEL_PROCESSORS in your QSF to an appropriate value for best performance.
Info (115030): Assembler is generating device programming files
Info: Quartus Prime Assembler was successful. 0 errors, 1 warning
<<<<<<< Updated upstream
    Info: Peak virtual memory: 4846 megabytes
    Info: Processing ended: Wed Feb 26 19:11:11 2020
    Info: Elapsed time: 00:00:06
    Info: Total CPU time (on all processors): 00:00:06
=======
    Info: Peak virtual memory: 4852 megabytes
    Info: Processing ended: Tue Mar 10 20:27:01 2020
    Info: Elapsed time: 00:00:07
    Info: Total CPU time (on all processors): 00:00:07
>>>>>>> Stashed changes


